<html>
<head>
<title>TestNG:  Surefire test</title>
<link href="../testng.css" rel="stylesheet" type="text/css" />
<link href="../my-testng.css" rel="stylesheet" type="text/css" />

<style type="text/css">
.log { display: none;} 
.stack-trace { display: none;} 
</style>
<script type="text/javascript">
<!--
function flip(e) {
  current = e.style.display;
  if (current == 'block') {
    e.style.display = 'none';
    return 0;
  }
  else {
    e.style.display = 'block';
    return 1;
  }
}

function toggleBox(szDivId, elem, msg1, msg2)
{
  var res = -1;  if (document.getElementById) {
    res = flip(document.getElementById(szDivId));
  }
  else if (document.all) {
    // this is the way old msie versions work
    res = flip(document.all[szDivId]);
  }
  if(elem) {
    if(res == 0) elem.innerHTML = msg1; else elem.innerHTML = msg2;
  }

}

function toggleAllBoxes() {
  if (document.getElementsByTagName) {
    d = document.getElementsByTagName('div');
    for (i = 0; i < d.length; i++) {
      if (d[i].className == 'log') {
        flip(d[i]);
      }
    }
  }
}

// -->
</script>

</head>
<body>
<h2 align='center'>Surefire test</h2><table border='1' align="center">
<tr>
<td>Tests passed/Failed/Skipped:</td><td>18/1/1</td>
</tr><tr>
<td>Started on:</td><td>Fri Jul 03 22:46:46 EDT 2020</td>
</tr>
<tr><td>Total time:</td><td>445 seconds (445849 ms)</td>
</tr><tr>
<td>Included groups:</td><td></td>
</tr><tr>
<td>Excluded groups:</td><td></td>
</tr>
</table><p/>
<small><i>(Hover the method name to see the test class name)</i></small><p/>
<table width='100%' border='1' class='invocation-failed'>
<tr><td colspan='4' align='center'><b>FAILED TESTS</b></td></tr>
<tr><td><b>Test method</b></td>
<td width="30%"><b>Exception</b></td>
<td width="10%"><b>Time (seconds)</b></td>
<td><b>Instance</b></td>
</tr>
<tr>
<td title='com.cra.qa.testcases.ContactUsPageTest.contactUsTitleTest()'><b>contactUsTitleTest</b><br>Test class: com.cra.qa.testcases.ContactUsPageTest</td>
<td><div><pre>org.junit.ComparisonFailure: expected:&lt;[Contact Us |] Roicians&gt; but was:&lt;[Home -] Roicians&gt;
	at org.junit.Assert.assertEquals(Assert.java:115)
	at org.junit.Assert.assertEquals(Assert.java:144)
	at com.cra.qa.testcases.ContactUsPageTest.contactUsTitleTest(ContactUsPageTest.java:38)
	at java.base/java.util.ArrayList.forEach(ArrayList.java:1540)
... Removed 32 stack frames</pre></div><a href='#' onClick='toggleBox("stack-trace925803196", this, "Click to show all stack frames", "Click to hide stack frames")'>Click to show all stack frames</a>
<div class='stack-trace' id='stack-trace925803196'><pre>org.junit.ComparisonFailure: expected:&lt;[Contact Us |] Roicians&gt; but was:&lt;[Home -] Roicians&gt;
	at org.junit.Assert.assertEquals(Assert.java:115)
	at org.junit.Assert.assertEquals(Assert.java:144)
	at com.cra.qa.testcases.ContactUsPageTest.contactUsTitleTest(ContactUsPageTest.java:38)
	at java.base/jdk.internal.reflect.NativeMethodAccessorImpl.invoke0(Native Method)
	at java.base/jdk.internal.reflect.NativeMethodAccessorImpl.invoke(NativeMethodAccessorImpl.java:62)
	at java.base/jdk.internal.reflect.DelegatingMethodAccessorImpl.invoke(DelegatingMethodAccessorImpl.java:43)
	at java.base/java.lang.reflect.Method.invoke(Method.java:566)
	at org.testng.internal.MethodInvocationHelper.invokeMethod(MethodInvocationHelper.java:134)
	at org.testng.internal.TestInvoker.invokeMethod(TestInvoker.java:597)
	at org.testng.internal.TestInvoker.invokeTestMethod(TestInvoker.java:173)
	at org.testng.internal.MethodRunner.runInSequence(MethodRunner.java:46)
	at org.testng.internal.TestInvoker$MethodInvocationAgent.invoke(TestInvoker.java:816)
	at org.testng.internal.TestInvoker.invokeTestMethods(TestInvoker.java:146)
	at org.testng.internal.TestMethodWorker.invokeTestMethods(TestMethodWorker.java:146)
	at org.testng.internal.TestMethodWorker.run(TestMethodWorker.java:128)
	at java.base/java.util.ArrayList.forEach(ArrayList.java:1540)
	at org.testng.TestRunner.privateRun(TestRunner.java:766)
	at org.testng.TestRunner.run(TestRunner.java:587)
	at org.testng.SuiteRunner.runTest(SuiteRunner.java:384)
	at org.testng.SuiteRunner.runSequentially(SuiteRunner.java:378)
	at org.testng.SuiteRunner.privateRun(SuiteRunner.java:337)
	at org.testng.SuiteRunner.run(SuiteRunner.java:286)
	at org.testng.SuiteRunnerWorker.runSuite(SuiteRunnerWorker.java:53)
	at org.testng.SuiteRunnerWorker.run(SuiteRunnerWorker.java:96)
	at org.testng.TestNG.runSuitesSequentially(TestNG.java:1187)
	at org.testng.TestNG.runSuitesLocally(TestNG.java:1109)
	at org.testng.TestNG.runSuites(TestNG.java:1039)
	at org.testng.TestNG.run(TestNG.java:1007)
	at org.apache.maven.surefire.testng.TestNGExecutor.run(TestNGExecutor.java:135)
	at org.apache.maven.surefire.testng.TestNGDirectoryTestSuite.executeMulti(TestNGDirectoryTestSuite.java:193)
	at org.apache.maven.surefire.testng.TestNGDirectoryTestSuite.execute(TestNGDirectoryTestSuite.java:94)
	at org.apache.maven.surefire.testng.TestNGProvider.invoke(TestNGProvider.java:146)
	at org.apache.maven.surefire.booter.ForkedBooter.invokeProviderInSameClassLoader(ForkedBooter.java:384)
	at org.apache.maven.surefire.booter.ForkedBooter.runSuitesInProcess(ForkedBooter.java:345)
	at org.apache.maven.surefire.booter.ForkedBooter.execute(ForkedBooter.java:126)
	at org.apache.maven.surefire.booter.ForkedBooter.main(ForkedBooter.java:418)
</pre></div></td>
<td>1</td>
<td>com.cra.qa.testcases.ContactUsPageTest@5e0e82ae</td></tr>
</table><p>
<table width='100%' border='1' class='invocation-passed'>
<tr><td colspan='4' align='center'><b>PASSED TESTS</b></td></tr>
<tr><td><b>Test method</b></td>
<td width="30%"><b>Exception</b></td>
<td width="10%"><b>Time (seconds)</b></td>
<td><b>Instance</b></td>
</tr>
<tr>
<td title='com.cra.qa.testcases.HomePageTest.homepageTitleTest()'><b>homepageTitleTest</b><br>Test class: com.cra.qa.testcases.HomePageTest</td>
<td></td>
<td>0</td>
<td>com.cra.qa.testcases.HomePageTest@6771beb3</td></tr>
<tr>
<td title='com.cra.qa.testcases.HomePageTest.verifyAboutUsLink()'><b>verifyAboutUsLink</b><br>Test class: com.cra.qa.testcases.HomePageTest</td>
<td></td>
<td>1</td>
<td>com.cra.qa.testcases.HomePageTest@6771beb3</td></tr>
<tr>
<td title='com.cra.qa.testcases.HomePageTest.verifyCareer2Link()'><b>verifyCareer2Link</b><br>Test class: com.cra.qa.testcases.HomePageTest</td>
<td></td>
<td>1</td>
<td>com.cra.qa.testcases.HomePageTest@6771beb3</td></tr>
<tr>
<td title='com.cra.qa.testcases.HomePageTest.verifyCareersLink()'><b>verifyCareersLink</b><br>Test class: com.cra.qa.testcases.HomePageTest</td>
<td></td>
<td>0</td>
<td>com.cra.qa.testcases.HomePageTest@6771beb3</td></tr>
<tr>
<td title='com.cra.qa.testcases.HomePageTest.verifyConsultancyPageLink()'><b>verifyConsultancyPageLink</b><br>Test class: com.cra.qa.testcases.HomePageTest</td>
<td></td>
<td>1</td>
<td>com.cra.qa.testcases.HomePageTest@6771beb3</td></tr>
<tr>
<td title='com.cra.qa.testcases.HomePageTest.verifyContactUs2Link()'><b>verifyContactUs2Link</b><br>Test class: com.cra.qa.testcases.HomePageTest</td>
<td></td>
<td>1</td>
<td>com.cra.qa.testcases.HomePageTest@6771beb3</td></tr>
<tr>
<td title='com.cra.qa.testcases.HomePageTest.verifyContactUsLink()'><b>verifyContactUsLink</b><br>Test class: com.cra.qa.testcases.HomePageTest</td>
<td></td>
<td>0</td>
<td>com.cra.qa.testcases.HomePageTest@6771beb3</td></tr>
<tr>
<td title='com.cra.qa.testcases.HomePageTest.verifyCoursesLink()'><b>verifyCoursesLink</b><br>Test class: com.cra.qa.testcases.HomePageTest</td>
<td></td>
<td>0</td>
<td>com.cra.qa.testcases.HomePageTest@6771beb3</td></tr>
<tr>
<td title='com.cra.qa.testcases.HomePageTest.verifyEnquireNowLink()'><b>verifyEnquireNowLink</b><br>Test class: com.cra.qa.testcases.HomePageTest</td>
<td></td>
<td>1</td>
<td>com.cra.qa.testcases.HomePageTest@6771beb3</td></tr>
<tr>
<td title='com.cra.qa.testcases.HomePageTest.verifyEventsLink()'><b>verifyEventsLink</b><br>Test class: com.cra.qa.testcases.HomePageTest</td>
<td></td>
<td>1</td>
<td>com.cra.qa.testcases.HomePageTest@6771beb3</td></tr>
<tr>
<td title='com.cra.qa.testcases.HomePageTest.verifyHomePageLink()'><b>verifyHomePageLink</b><br>Test class: com.cra.qa.testcases.HomePageTest</td>
<td></td>
<td>1</td>
<td>com.cra.qa.testcases.HomePageTest@6771beb3</td></tr>
<tr>
<td title='com.cra.qa.testcases.HomePageTest.verifyMoreAboutUsLink()'><b>verifyMoreAboutUsLink</b><br>Test class: com.cra.qa.testcases.HomePageTest</td>
<td></td>
<td>1</td>
<td>com.cra.qa.testcases.HomePageTest@6771beb3</td></tr>
<tr>
<td title='com.cra.qa.testcases.HomePageTest.verifyServices2Link()'><b>verifyServices2Link</b><br>Test class: com.cra.qa.testcases.HomePageTest</td>
<td></td>
<td>1</td>
<td>com.cra.qa.testcases.HomePageTest@6771beb3</td></tr>
<tr>
<td title='com.cra.qa.testcases.HomePageTest.verifyServicesLink()'><b>verifyServicesLink</b><br>Test class: com.cra.qa.testcases.HomePageTest</td>
<td></td>
<td>1</td>
<td>com.cra.qa.testcases.HomePageTest@6771beb3</td></tr>
<tr>
<td title='com.cra.qa.testcases.HomePageTest.verifySoftwareTestingLink()'><b>verifySoftwareTestingLink</b><br>Test class: com.cra.qa.testcases.HomePageTest</td>
<td></td>
<td>1</td>
<td>com.cra.qa.testcases.HomePageTest@6771beb3</td></tr>
<tr>
<td title='com.cra.qa.testcases.HomePageTest.verifyTraining2Link()'><b>verifyTraining2Link</b><br>Test class: com.cra.qa.testcases.HomePageTest</td>
<td></td>
<td>1</td>
<td>com.cra.qa.testcases.HomePageTest@6771beb3</td></tr>
<tr>
<td title='com.cra.qa.testcases.HomePageTest.verifyTrainingLink()'><b>verifyTrainingLink</b><br>Test class: com.cra.qa.testcases.HomePageTest</td>
<td></td>
<td>1</td>
<td>com.cra.qa.testcases.HomePageTest@6771beb3</td></tr>
<tr>
<td title='com.cra.qa.testcases.HomePageTest.verifyWebDevelopmentLink()'><b>verifyWebDevelopmentLink</b><br>Test class: com.cra.qa.testcases.HomePageTest</td>
<td></td>
<td>1</td>
<td>com.cra.qa.testcases.HomePageTest@6771beb3</td></tr>
</table><p>
<table width='100%' border='1' class='invocation-skipped'>
<tr><td colspan='4' align='center'><b>SKIPPED TESTS</b></td></tr>
<tr><td><b>Test method</b></td>
<td width="30%"><b>Exception</b></td>
<td width="10%"><b>Time (seconds)</b></td>
<td><b>Instance</b></td>
</tr>
<tr>
<td title='com.cra.qa.testcases.ContactUsPageTest.fillFormTest()'><b>fillFormTest</b><br>Test class: com.cra.qa.testcases.ContactUsPageTest</td>
<td><div><pre>java.lang.RuntimeException: java.lang.NullPointerException
	at java.base/java.util.ArrayList.forEach(ArrayList.java:1540)
Caused by: java.lang.NullPointerException
	at com.cra.qa.util.TestUtil.getTestData(TestUtil.java:37)
	at com.cra.qa.testcases.ContactUsPageTest.getData(ContactUsPageTest.java:44)
	... 30 more
... Removed 37 stack frames</pre></div><a href='#' onClick='toggleBox("stack-trace428798670", this, "Click to show all stack frames", "Click to hide stack frames")'>Click to show all stack frames</a>
<div class='stack-trace' id='stack-trace428798670'><pre>java.lang.RuntimeException: java.lang.NullPointerException
	at org.testng.internal.MethodInvocationHelper.invokeMethodNoCheckedException(MethodInvocationHelper.java:51)
	at org.testng.internal.MethodInvocationHelper.invokeDataProvider(MethodInvocationHelper.java:147)
	at org.testng.internal.Parameters.handleParameters(Parameters.java:801)
	at org.testng.internal.Parameters.handleParameters(Parameters.java:744)
	at org.testng.internal.ParameterHandler.handleParameters(ParameterHandler.java:59)
	at org.testng.internal.ParameterHandler.createParameters(ParameterHandler.java:38)
	at org.testng.internal.TestInvoker$MethodInvocationAgent.invoke(TestInvoker.java:783)
	at org.testng.internal.TestInvoker.invokeTestMethods(TestInvoker.java:146)
	at org.testng.internal.TestMethodWorker.invokeTestMethods(TestMethodWorker.java:146)
	at org.testng.internal.TestMethodWorker.run(TestMethodWorker.java:128)
	at java.base/java.util.ArrayList.forEach(ArrayList.java:1540)
	at org.testng.TestRunner.privateRun(TestRunner.java:766)
	at org.testng.TestRunner.run(TestRunner.java:587)
	at org.testng.SuiteRunner.runTest(SuiteRunner.java:384)
	at org.testng.SuiteRunner.runSequentially(SuiteRunner.java:378)
	at org.testng.SuiteRunner.privateRun(SuiteRunner.java:337)
	at org.testng.SuiteRunner.run(SuiteRunner.java:286)
	at org.testng.SuiteRunnerWorker.runSuite(SuiteRunnerWorker.java:53)
	at org.testng.SuiteRunnerWorker.run(SuiteRunnerWorker.java:96)
	at org.testng.TestNG.runSuitesSequentially(TestNG.java:1187)
	at org.testng.TestNG.runSuitesLocally(TestNG.java:1109)
	at org.testng.TestNG.runSuites(TestNG.java:1039)
	at org.testng.TestNG.run(TestNG.java:1007)
	at org.apache.maven.surefire.testng.TestNGExecutor.run(TestNGExecutor.java:135)
	at org.apache.maven.surefire.testng.TestNGDirectoryTestSuite.executeMulti(TestNGDirectoryTestSuite.java:193)
	at org.apache.maven.surefire.testng.TestNGDirectoryTestSuite.execute(TestNGDirectoryTestSuite.java:94)
	at org.apache.maven.surefire.testng.TestNGProvider.invoke(TestNGProvider.java:146)
	at org.apache.maven.surefire.booter.ForkedBooter.invokeProviderInSameClassLoader(ForkedBooter.java:384)
	at org.apache.maven.surefire.booter.ForkedBooter.runSuitesInProcess(ForkedBooter.java:345)
	at org.apache.maven.surefire.booter.ForkedBooter.execute(ForkedBooter.java:126)
	at org.apache.maven.surefire.booter.ForkedBooter.main(ForkedBooter.java:418)
Caused by: java.lang.NullPointerException
	at com.cra.qa.util.TestUtil.getTestData(TestUtil.java:37)
	at com.cra.qa.testcases.ContactUsPageTest.getData(ContactUsPageTest.java:44)
	at java.base/jdk.internal.reflect.NativeMethodAccessorImpl.invoke0(Native Method)
	at java.base/jdk.internal.reflect.NativeMethodAccessorImpl.invoke(NativeMethodAccessorImpl.java:62)
	at java.base/jdk.internal.reflect.DelegatingMethodAccessorImpl.invoke(DelegatingMethodAccessorImpl.java:43)
	at java.base/java.lang.reflect.Method.invoke(Method.java:566)
	at org.testng.internal.MethodInvocationHelper.invokeMethod(MethodInvocationHelper.java:134)
	at org.testng.internal.MethodInvocationHelper.invokeMethod(MethodInvocationHelper.java:78)
	at org.testng.internal.MethodInvocationHelper.invokeMethodNoCheckedException(MethodInvocationHelper.java:47)
	... 30 more
</pre></div></td>
<td>0</td>
<td>com.cra.qa.testcases.ContactUsPageTest@5e0e82ae</td></tr>
</table><p>
</body>
</html>